[    0.000000] Linux version 4.15.0-101-generic (buildd@lgw01-amd64-003) (gcc version 7.5.0 (Ubuntu 7.5.0-3ubuntu1~18.04)) #102-Ubuntu SMP Mon May 11 10:07:26 UTC 2020 (Ubuntu 4.15.0-101.102-generic 4.15.18)
[    0.000000] Command line: BOOT_IMAGE=/boot/vmlinuz-4.15.0-101-generic root=UUID=9f66f264-931c-41f9-a502-b9dd9348d937 ro console=tty1 console=ttyS0
[    0.000000] KERNEL supported cpus:
[    0.000000]   Intel GenuineIntel
[    0.000000]   AMD AuthenticAMD
[    0.000000]   Centaur CentaurHauls
[    0.000000] x86/fpu: Supporting XSAVE feature 0x001: 'x87 floating point registers'
[    0.000000] x86/fpu: Supporting XSAVE feature 0x002: 'SSE registers'
[    0.000000] x86/fpu: Supporting XSAVE feature 0x004: 'AVX registers'
[    0.000000] x86/fpu: xstate_offset[2]:  576, xstate_sizes[2]:  256
[    0.000000] x86/fpu: Enabled xstate features 0x7, context size is 832 bytes, using 'standard' format.
[    0.000000] e820: BIOS-provided physical RAM map:
[    0.000000] BIOS-e820: [mem 0x0000000000000000-0x000000000009fbff] usable
[    0.000000] BIOS-e820: [mem 0x000000000009fc00-0x000000000009ffff] reserved
[    0.000000] BIOS-e820: [mem 0x00000000000f0000-0x00000000000fffff] reserved
[    0.000000] BIOS-e820: [mem 0x0000000000100000-0x000000003ffeffff] usable
[    0.000000] BIOS-e820: [mem 0x000000003fff0000-0x000000003fffffff] ACPI data
[    0.000000] BIOS-e820: [mem 0x00000000fec00000-0x00000000fec00fff] reserved
[    0.000000] BIOS-e820: [mem 0x00000000fee00000-0x00000000fee00fff] reserved
[    0.000000] BIOS-e820: [mem 0x00000000fffc0000-0x00000000ffffffff] reserved
[    0.000000] NX (Execute Disable) protection: active
[    0.000000] SMBIOS 2.5 present.
[    0.000000] DMI: innotek GmbH VirtualBox/VirtualBox, BIOS VirtualBox 12/01/2006
[    0.000000] Hypervisor detected: KVM
[    0.000000] e820: last_pfn = 0x3fff0 max_arch_pfn = 0x400000000
[    0.000000] MTRR: Disabled
[    0.000000] x86/PAT: MTRRs disabled, skipping PAT initialization too.
[    0.000000] CPU MTRRs all blank - virtualized system.
[    0.000000] x86/PAT: Configuration [0-7]: WB  WT  UC- UC  WB  WT  UC- UC  
[    0.000000] found SMP MP-table at [mem 0x0009fff0-0x0009ffff]
[    0.000000] Scanning 1 areas for low memory corruption
[    0.000000] RAMDISK: [mem 0x35963000-0x36ca8fff]
[    0.000000] ACPI: Early table checksum verification disabled
[    0.000000] ACPI: RSDP 0x00000000000E0000 000024 (v02 VBOX  )
[    0.000000] ACPI: XSDT 0x000000003FFF0030 00003C (v01 VBOX   VBOXXSDT 00000001 ASL  00000061)
[    0.000000] ACPI: FACP 0x000000003FFF00F0 0000F4 (v04 VBOX   VBOXFACP 00000001 ASL  00000061)
[    0.000000] ACPI: DSDT 0x000000003FFF0470 0021FF (v02 VBOX   VBOXBIOS 00000002 INTL 20160108)
[    0.000000] ACPI: FACS 0x000000003FFF0200 000040
[    0.000000] ACPI: FACS 0x000000003FFF0200 000040
[    0.000000] ACPI: APIC 0x000000003FFF0240 000054 (v02 VBOX   VBOXAPIC 00000001 ASL  00000061)
[    0.000000] ACPI: SSDT 0x000000003FFF02A0 0001CC (v01 VBOX   VBOXCPUT 00000002 INTL 20160108)
[    0.000000] No NUMA configuration found
[    0.000000] Faking a node at [mem 0x0000000000000000-0x000000003ffeffff]
[    0.000000] NODE_DATA(0) allocated [mem 0x3ffc5000-0x3ffeffff]
[    0.000000] kvm-clock: cpu 0, msr 0:3ff44001, primary cpu clock
[    0.000000] kvm-clock: Using msrs 4b564d01 and 4b564d00
[    0.000000] kvm-clock: using sched offset of 10641907226 cycles
[    0.000000] clocksource: kvm-clock: mask: 0xffffffffffffffff max_cycles: 0x1cd42e4dffb, max_idle_ns: 881590591483 ns
[    0.000000] Zone ranges:
[    0.000000]   DMA      [mem 0x0000000000001000-0x0000000000ffffff]
[    0.000000]   DMA32    [mem 0x0000000001000000-0x000000003ffeffff]
[    0.000000]   Normal   empty
[    0.000000]   Device   empty
[    0.000000] Movable zone start for each node
[    0.000000] Early memory node ranges
[    0.000000]   node   0: [mem 0x0000000000001000-0x000000000009efff]
[    0.000000]   node   0: [mem 0x0000000000100000-0x000000003ffeffff]
[    0.000000] Reserved but unavailable: 98 pages
[    0.000000] Initmem setup node 0 [mem 0x0000000000001000-0x000000003ffeffff]
[    0.000000] ACPI: PM-Timer IO Port: 0x4008
[    0.000000] IOAPIC[0]: apic_id 1, version 32, address 0xfec00000, GSI 0-23
[    0.000000] ACPI: INT_SRC_OVR (bus 0 bus_irq 0 global_irq 2 dfl dfl)
[    0.000000] ACPI: INT_SRC_OVR (bus 0 bus_irq 9 global_irq 9 high level)
[    0.000000] Using ACPI (MADT) for SMP configuration information
[    0.000000] smpboot: Allowing 1 CPUs, 0 hotplug CPUs
[    0.000000] PM: Registered nosave memory: [mem 0x00000000-0x00000fff]
[    0.000000] PM: Registered nosave memory: [mem 0x0009f000-0x0009ffff]
[    0.000000] PM: Registered nosave memory: [mem 0x000a0000-0x000effff]
[    0.000000] PM: Registered nosave memory: [mem 0x000f0000-0x000fffff]
[    0.000000] e820: [mem 0x40000000-0xfebfffff] available for PCI devices
[    0.000000] Booting paravirtualized kernel on KVM
[    0.000000] clocksource: refined-jiffies: mask: 0xffffffff max_cycles: 0xffffffff, max_idle_ns: 7645519600211568 ns
[    0.000000] random: get_random_bytes called from start_kernel+0x99/0x4fd with crng_init=0
[    0.000000] setup_percpu: NR_CPUS:8192 nr_cpumask_bits:1 nr_cpu_ids:1 nr_node_ids:1
[    0.000000] percpu: Embedded 45 pages/cpu s147456 r8192 d28672 u2097152
[    0.000000] PV qspinlock hash table entries: 256 (order: 0, 4096 bytes)
[    0.000000] Built 1 zonelists, mobility grouping on.  Total pages: 257913
[    0.000000] Policy zone: DMA32
[    0.000000] Kernel command line: BOOT_IMAGE=/boot/vmlinuz-4.15.0-101-generic root=UUID=9f66f264-931c-41f9-a502-b9dd9348d937 ro console=tty1 console=ttyS0
[    0.000000] Memory: 982712K/1048120K available (12300K kernel code, 2481K rwdata, 4268K rodata, 2432K init, 2712K bss, 65408K reserved, 0K cma-reserved)
[    0.000000] SLUB: HWalign=64, Order=0-3, MinObjects=0, CPUs=1, Nodes=1
[    0.000000] Kernel/User page tables isolation: enabled
[    0.000000] ftrace: allocating 39364 entries in 154 pages
[    0.004000] Hierarchical RCU implementation.
[    0.004000] 	RCU restricting CPUs from NR_CPUS=8192 to nr_cpu_ids=1.
[    0.004000] 	Tasks RCU enabled.
[    0.004000] RCU: Adjusting geometry for rcu_fanout_leaf=16, nr_cpu_ids=1
[    0.004000] NR_IRQS: 524544, nr_irqs: 256, preallocated irqs: 16
[    0.004000] Console: colour VGA+ 80x25
[    0.004000] console [tty1] enabled
[    0.004000] console [ttyS0] enabled
[    0.004000] ACPI: Core revision 20170831
[    0.004000] ACPI: 2 ACPI AML tables successfully acquired and loaded
[    0.004000] APIC: Switch to symmetric I/O mode setup
[    0.004000] x2apic enabled
[    0.004011] Switched APIC routing to physical x2apic.
[    0.009876] ..TIMER: vector=0x30 apic1=0 pin1=2 apic2=-1 pin2=-1
[    0.012009] tsc: Detected 2294.686 MHz processor
[    0.016019] Calibrating delay loop (skipped) preset value.. 4589.37 BogoMIPS (lpj=9178744)
[    0.020011] pid_max: default: 32768 minimum: 301
[    0.024065] Security Framework initialized
[    0.025033] Yama: becoming mindful.
[    0.025809] AppArmor: AppArmor initialized
[    0.032087] Dentry cache hash table entries: 131072 (order: 8, 1048576 bytes)
[    0.036093] Inode-cache hash table entries: 65536 (order: 7, 524288 bytes)
[    0.040026] Mount-cache hash table entries: 2048 (order: 2, 16384 bytes)
[    0.044056] Mountpoint-cache hash table entries: 2048 (order: 2, 16384 bytes)
[    0.048289] process: using mwait in idle threads
[    0.052014] Last level iTLB entries: 4KB 1024, 2MB 1024, 4MB 1024
[    0.053210] Last level dTLB entries: 4KB 1024, 2MB 1024, 4MB 1024, 1GB 4
[    0.054385] Spectre V1 : Mitigation: usercopy/swapgs barriers and __user pointer sanitization
[    0.056008] Spectre V2 : Mitigation: Full generic retpoline
[    0.056969] Spectre V2 : Spectre v2 / SpectreRSB mitigation: Filling RSB on context switch
[    0.060009] Speculative Store Bypass: Vulnerable
[    0.064067] MDS: Vulnerable: Clear CPU buffers attempted, no microcode
[    0.093980] Freeing SMP alternatives memory: 36K
[    0.209091] smpboot: CPU0: Intel(R) Core(TM) i5-4200U CPU @ 1.60GHz (family: 0x6, model: 0x45, stepping: 0x1)
[    0.212104] Performance Events: unsupported p6 CPU model 69 no PMU driver, software events only.
[    0.216074] Hierarchical SRCU implementation.
[    0.220668] NMI watchdog: Perf event create on CPU 0 failed with -2
[    0.221811] NMI watchdog: Perf NMI watchdog permanently disabled
[    0.224089] smp: Bringing up secondary CPUs ...
[    0.224956] smp: Brought up 1 node, 1 CPU
[    0.225735] smpboot: Max logical packages: 1
[    0.226532] smpboot: Total of 1 processors activated (4589.37 BogoMIPS)
[    0.228185] devtmpfs: initialized
[    0.232089] x86/mm: Memory block size: 128MB
[    0.236155] evm: security.selinux
[    0.236867] evm: security.SMACK64
[    0.240015] evm: security.SMACK64EXEC
[    0.244003] evm: security.SMACK64TRANSMUTE
[    0.248002] evm: security.SMACK64MMAP
[    0.252008] evm: security.apparmor
[    0.256007] evm: security.ima
[    0.260004] evm: security.capability
[    0.260800] clocksource: jiffies: mask: 0xffffffff max_cycles: 0xffffffff, max_idle_ns: 7645041785100000 ns
[    0.262391] futex hash table entries: 256 (order: 2, 16384 bytes)
[    0.264056] pinctrl core: initialized pinctrl subsystem
[    0.265029] RTC time: 14:26:04, date: 06/07/20
[    0.265901] NET: Registered protocol family 16
[    0.268111] audit: initializing netlink subsys (disabled)
[    0.269370] cpuidle: using governor ladder
[    0.272011] cpuidle: using governor menu
[    0.273006] ACPI: bus type PCI registered
[    0.276005] acpiphp: ACPI Hot Plug PCI Controller Driver version: 0.5
[    0.277070] audit: type=2000 audit(1591539974.851:1): state=initialized audit_enabled=0 res=1
[    0.280158] PCI: Using configuration type 1 for base access
[    0.282562] HugeTLB registered 2.00 MiB page size, pre-allocated 0 pages
[    0.284742] ACPI: Added _OSI(Module Device)
[    0.288009] ACPI: Added _OSI(Processor Device)
[    0.292014] ACPI: Added _OSI(3.0 _SCP Extensions)
[    0.296010] ACPI: Added _OSI(Processor Aggregator Device)
[    0.296921] ACPI: Added _OSI(Linux-Dell-Video)
[    0.300020] ACPI: Added _OSI(Linux-Lenovo-NV-HDMI-Audio)
[    0.302457] ACPI: Added _OSI(Linux-HPI-Hybrid-Graphics)
[    0.304311] ACPI: Executed 1 blocks of module-level executable AML code
[    0.316000] ACPI: Interpreter enabled
[    0.316033] ACPI: (supports S0 S5)
[    0.316670] ACPI: Using IOAPIC for interrupt routing
[    0.320316] PCI: Using host bridge windows from ACPI; if necessary, use "pci=nocrs" and report a bug
[    0.324224] ACPI: Enabled 2 GPEs in block 00 to 07
[    0.336064] ACPI: PCI Root Bridge [PCI0] (domain 0000 [bus 00-ff])
[    0.340021] acpi PNP0A03:00: _OSC: OS supports [ASPM ClockPM Segments MSI]
[    0.344082] acpi PNP0A03:00: _OSC: not requesting OS control; OS requires [ExtendedConfig ASPM ClockPM MSI]
[    0.348032] acpi PNP0A03:00: fail to add MMCONFIG information, can't access extended PCI configuration space under this bridge.
[    0.352421] PCI host bridge to bus 0000:00
[    0.356005] pci_bus 0000:00: root bus resource [io  0x0000-0x0cf7 window]
[    0.357110] pci_bus 0000:00: root bus resource [io  0x0d00-0xffff window]
[    0.360013] pci_bus 0000:00: root bus resource [mem 0x000a0000-0x000bffff window]
[    0.364012] pci_bus 0000:00: root bus resource [mem 0x40000000-0xffdfffff window]
[    0.365251] pci_bus 0000:00: root bus resource [bus 00-ff]
[    0.372227] pci 0000:00:01.1: legacy IDE quirk: reg 0x10: [io  0x01f0-0x01f7]
[    0.376013] pci 0000:00:01.1: legacy IDE quirk: reg 0x14: [io  0x03f6]
[    0.377118] pci 0000:00:01.1: legacy IDE quirk: reg 0x18: [io  0x0170-0x0177]
[    0.380016] pci 0000:00:01.1: legacy IDE quirk: reg 0x1c: [io  0x0376]
[    0.407193] pci 0000:00:07.0: quirk: [io  0x4000-0x403f] claimed by PIIX4 ACPI
[    0.408032] pci 0000:00:07.0: quirk: [io  0x4100-0x410f] claimed by PIIX4 SMB
[    0.428545] ACPI: PCI Interrupt Link [LNKA] (IRQs 5 9 10 *11)
[    0.432417] ACPI: PCI Interrupt Link [LNKB] (IRQs 5 9 10 *11)
[    0.436129] ACPI: PCI Interrupt Link [LNKC] (IRQs 5 9 *10 11)
[    0.437186] ACPI: PCI Interrupt Link [LNKD] (IRQs 5 *9 10 11)
[    0.440503] SCSI subsystem initialized
[    0.441401] pci 0000:00:02.0: vgaarb: setting as boot VGA device
[    0.444000] pci 0000:00:02.0: vgaarb: VGA device added: decodes=io+mem,owns=io+mem,locks=none
[    0.444014] pci 0000:00:02.0: vgaarb: bridge control possible
[    0.448012] vgaarb: loaded
[    0.448804] ACPI: bus type USB registered
[    0.449838] usbcore: registered new interface driver usbfs
[    0.452038] usbcore: registered new interface driver hub
[    0.456036] usbcore: registered new device driver usb
[    0.460115] EDAC MC: Ver: 3.0.0
[    0.461011] PCI: Using ACPI for IRQ routing
[    0.468338] NetLabel: Initializing
[    0.468950] NetLabel:  domain hash size = 128
[    0.472009] NetLabel:  protocols = UNLABELED CIPSOv4 CALIPSO
[    0.472995] NetLabel:  unlabeled traffic allowed by default
[    0.476220] clocksource: Switched to clocksource kvm-clock
[    0.490627] VFS: Disk quotas dquot_6.6.0
[    0.593734] VFS: Dquot-cache hash table entries: 512 (order 0, 4096 bytes)
[    0.626092] AppArmor: AppArmor Filesystem Enabled
[    0.653789] pnp: PnP ACPI init
[    0.655420] pnp: PnP ACPI: found 3 devices
[    0.661869] clocksource: acpi_pm: mask: 0xffffff max_cycles: 0xffffff, max_idle_ns: 2085701024 ns
[    0.754143] NET: Registered protocol family 2
[    0.823985] TCP established hash table entries: 8192 (order: 4, 65536 bytes)
[    0.894044] TCP bind hash table entries: 8192 (order: 5, 131072 bytes)
[    0.895111] TCP: Hash tables configured (established 8192 bind 8192)
[    0.898043] UDP hash table entries: 512 (order: 2, 16384 bytes)
[    0.922039] UDP-Lite hash table entries: 512 (order: 2, 16384 bytes)
[    0.923223] NET: Registered protocol family 1
[    0.951837] pci 0000:00:00.0: Limiting direct PCI/PCI transfers
[    0.952878] pci 0000:00:01.0: Activating ISA DMA hang workarounds
[    0.956846] pci 0000:00:02.0: Video device with shadowed ROM at [mem 0x000c0000-0x000dffff]
[    1.043993] Unpacking initramfs...
[    1.387461] Freeing initrd memory: 19736K
[    1.418052] clocksource: tsc: mask: 0xffffffffffffffff max_cycles: 0x211399552f8, max_idle_ns: 440795292447 ns
[    1.421480] platform rtc_cmos: registered platform RTC device (no PNP device found)
[    1.423039] Scanning for low memory corruption every 60 seconds
[    1.454660] Initialise system trusted keyrings
[    1.458479] Key type blacklist registered
[    1.459524] workingset: timestamp_bits=36 max_order=18 bucket_order=0
[    1.485895] zbud: loaded
[    1.487031] squashfs: version 4.0 (2009/01/31) Phillip Lougher
[    1.544154] fuse init (API version 7.26)
[    1.556266] Key type asymmetric registered
[    1.634040] Asymmetric key parser 'x509' registered
[    1.635005] Block layer SCSI generic (bsg) driver version 0.4 loaded (major 246)
[    1.638771] io scheduler noop registered
[    1.640982] io scheduler deadline registered
[    1.684410] io scheduler cfq registered (default)
[    1.685680] ACPI: AC Adapter [AC] (on-line)
[    1.686633] input: Power Button as /devices/LNXSYSTM:00/LNXPWRBN:00/input/input0
[    1.744226] ACPI: Power Button [PWRF]
[    1.773884] input: Sleep Button as /devices/LNXSYSTM:00/LNXSLPBN:00/input/input1
[    1.804645] ACPI: Sleep Button [SLPF]
[    1.806482] ACPI: Battery Slot [BAT0] (battery present)
[    1.812661] Serial: 8250/16550 driver, 32 ports, IRQ sharing enabled
[    1.836221] 00:02: ttyS0 at I/O 0x3f8 (irq = 4, base_baud = 115200) is a 16550A
[    1.856439] Linux agpgart interface v0.103
[    1.875999] loop: module loaded
[    1.894710] scsi host0: ata_piix
[    1.934217] scsi host1: ata_piix
[    1.934983] ata1: PATA max UDMA/33 cmd 0x1f0 ctl 0x3f6 bmdma 0xd000 irq 14
[    1.936373] ata2: PATA max UDMA/33 cmd 0x170 ctl 0x376 bmdma 0xd008 irq 15
[    1.938337] libphy: Fixed MDIO Bus: probed
[    1.939207] tun: Universal TUN/TAP device driver, 1.6
[    1.941395] PPP generic driver version 2.4.2
[    1.942356] ehci_hcd: USB 2.0 'Enhanced' Host Controller (EHCI) Driver
[    1.944105] ehci-pci: EHCI PCI platform driver
[    1.964216] ehci-platform: EHCI generic platform driver
[    1.984026] ohci_hcd: USB 1.1 'Open' Host Controller (OHCI) Driver
[    2.004103] ohci-pci: OHCI PCI platform driver
[    2.005081] ohci-platform: OHCI generic platform driver
[    2.006172] uhci_hcd: USB Universal Host Controller Interface driver
[    2.007539] i8042: PNP: PS/2 Controller [PNP0303:PS2K,PNP0f03:PS2M] at 0x60,0x64 irq 1,12
[    2.035596] serio: i8042 KBD port at 0x60,0x64 irq 1
[    2.036720] serio: i8042 AUX port at 0x60,0x64 irq 12
[    2.037870] mousedev: PS/2 mouse device common for all mice
[    2.039298] input: AT Translated Set 2 keyboard as /devices/platform/i8042/serio0/input/input2
[    2.074378] rtc_cmos rtc_cmos: rtc core: registered rtc_cmos as rtc0
[    2.075492] rtc_cmos rtc_cmos: alarms up to one day, 114 bytes nvram
[    2.103370] i2c /dev entries driver
[    2.124500] device-mapper: uevent: version 1.0.3
[    2.135496] device-mapper: ioctl: 4.37.0-ioctl (2017-09-20) initialised: dm-devel@redhat.com
[    2.144816] ledtrig-cpu: registered to indicate activity on CPUs
[    2.146134] NET: Registered protocol family 10
[    2.197724] Segment Routing with IPv6
[    2.233952] NET: Registered protocol family 17
[    2.234755] Key type dns_resolver registered
[    2.235613] mce: Using 0 MCE banks
[    2.303731] RAS: Correctable Errors collector initialized.
[    2.414140] sched_clock: Marking stable (2413988931, 0)->(5060550112, -2646561181)
[    2.474175] registered taskstats version 1
[    2.534417] Loading compiled-in X.509 certificates
[    2.576851] Loaded X.509 cert 'Build time autogenerated kernel key: 81757e40860ca54b8a45e323b66799c03c91a344'
[    2.634439] zswap: loaded using pool lzo/zbud
[    2.687896] Key type big_key registered
[    2.704369] Key type trusted registered
[    2.706985] Key type encrypted registered
[    2.734207] AppArmor: AppArmor sha1 policy hashing enabled
[    2.738974] ima: No TPM chip found, activating TPM-bypass! (rc=-19)
[    2.793847] ima: Allocated hash algorithm: sha1
[    2.854001] evm: HMAC attrs: 0x1
[    2.854972]   Magic number: 8:384:434
[    2.855857] rtc_cmos rtc_cmos: setting system clock to 2020-06-07 14:26:08 UTC (1591539968)
[    2.864013] BIOS EDD facility v0.16 2004-Jun-25, 0 devices found
[    2.868469] EDD information not available.
[    2.872086] Freeing unused kernel image memory: 2432K
[    2.892060] Write protecting the kernel read-only data: 20480k
[    2.895079] Freeing unused kernel image memory: 2008K
[    2.925579] Freeing unused kernel image memory: 1876K
[    2.962758] x86/mm: Checked W+X mappings: passed, no W+X pages found.
[    3.004603] x86/mm: Checking user space page tables
[    3.020369] x86/mm: Checked W+X mappings: passed, no W+X pages found.
Loading, please wait...
starting version 237
[    3.167826] e1000: Intel(R) PRO/1000 Network Driver - version 7.3.21-k8-NAPI
[    3.184858] e1000: Copyright (c) 1999-2006 Intel Corporation.
[    3.192238] Fusion MPT base driver 3.04.20
[    3.243971] Copyright (c) 1999-2008 LSI Corporation
[    3.337824] AVX version of gcm_enc/dec engaged.
[    3.344361] AES CTR mode by8 optimization enabled
[    3.378269] Fusion MPT SPI Host driver 3.04.20
[    3.499265] input: ImExPS/2 Generic Explorer Mouse as /devices/platform/i8042/serio1/input/input4
[    3.797442] e1000 0000:00:03.0 eth0: (PCI:33MHz:32-bit) 02:33:ec:f4:7d:44
[    3.873832] e1000 0000:00:03.0 eth0: Intel(R) PRO/1000 Network Connection
[    3.880804] mptbase: ioc0: Initiating bringup
[    3.980305] ioc0: LSI53C1030 A0: Capabilities={Initiator}
[    4.233570] scsi host2: ioc0: LSI53C1030 A0, FwRev=00000000h, Ports=1, MaxQ=256, IRQ=20
[    4.452399] scsi 2:0:0:0: Direct-Access     VBOX     HARDDISK         1.0  PQ: 0 ANSI: 5
[    4.477578] scsi target2:0:0: Beginning Domain Validation
[    4.494105] random: fast init done
[    4.495610] scsi target2:0:0: Domain Validation skipping write tests
[    4.498470] scsi target2:0:0: Ending Domain Validation
[    4.513865] scsi target2:0:0: asynchronous
[    4.566421] scsi 2:0:1:0: Direct-Access     VBOX     HARDDISK         1.0  PQ: 0 ANSI: 5
[    4.601672] scsi target2:0:1: Beginning Domain Validation
[    4.726468] scsi target2:0:1: Domain Validation skipping write tests
[    4.756697] scsi target2:0:1: Ending Domain Validation
[    4.789457] scsi target2:0:1: asynchronous
[    4.910768] sd 2:0:0:0: Attached scsi generic sg0 type 0
[    4.934399] sd 2:0:0:0: [sda] 20971520 512-byte logical blocks: (10.7 GB/10.0 GiB)
[    4.935934] sd 2:0:0:0: [sda] Write Protect is off
[    4.936897] random: systemd-udevd: uninitialized urandom read (16 bytes read)
[    4.938290] random: systemd-udevd: uninitialized urandom read (16 bytes read)
[    4.955440] sd 2:0:0:0: [sda] Incomplete mode parameter data
[    4.962483] sd 2:0:0:0: [sda] Assuming drive cache: write through
[    5.028955] sd 2:0:1:0: Attached scsi generic sg1 type 0
[    5.074278] sd 2:0:1:0: [sdb] 20480 512-byte logical blocks: (10.5 MB/10.0 MiB)
[    5.162942] random: systemd-udevd: uninitialized urandom read (16 bytes read)
[    5.199752] sd 2:0:1:0: [sdb] Write Protect is off
[    5.214688] sd 2:0:1:0: [sdb] Incomplete mode parameter data
[    5.245057] sd 2:0:1:0: [sdb] Assuming drive cache: write through
[    5.307353] e1000 0000:00:08.0 eth1: (PCI:33MHz:32-bit) 08:00:27:3e:4d:30
[    5.309841] e1000 0000:00:08.0 eth1: Intel(R) PRO/1000 Network Connection
[    5.313111] e1000 0000:00:08.0 enp0s8: renamed from eth1
[    5.405489] e1000 0000:00:03.0 enp0s3: renamed from eth0
[    6.295293]  sda: sda1
[    6.384775] sd 2:0:0:0: [sda] Attached SCSI disk
[    7.356314] sd 2:0:1:0: [sdb] Attached SCSI disk
Begin: Loading essential drivers ... [    9.413359] raid6: sse2x1   gen()  8589 MB/s
[    9.483381] raid6: sse2x1   xor()  5721 MB/s
[    9.553359] raid6: sse2x2   gen() 10089 MB/s
[    9.613336] raid6: sse2x2   xor()  5584 MB/s
[    9.693347] raid6: sse2x4   gen() 11790 MB/s
[    9.763347] raid6: sse2x4   xor()  7347 MB/s
[    9.774171] raid6: using algorithm sse2x4 gen() 11790 MB/s
[    9.775190] raid6: .... xor() 7347 MB/s, rmw enabled
[    9.776129] raid6: using ssse3x2 recovery algorithm
[    9.779393] xor: automatically using best checksumming function   avx       
[    9.836415] async_tx: api initialized (async)
done.
Begin: Running[    9.999064] Btrfs loaded, crc32c=crc32c-intel
 /scripts/init-premount ... done.
Begin: Mounting root file system ... Begin: Running /scripts/local-top ... done.
Begin: Running /scripts/local-premount ... Scanning for Btrfs filesystems
done.
Warning: fsck not present, so skipping root file system
[   10.666113] EXT4-fs (sda1): INFO: recovery required on readonly filesystem
[   10.783891] EXT4-fs (sda1): write access will be enabled during recovery
[   11.215288] random: crng init done
[   11.254107] random: 7 urandom warning(s) missed due to ratelimiting
[   11.458728] EXT4-fs (sda1): recovery complete
[   11.535650] EXT4-fs (sda1): mounted filesystem with ordered data mode. Opts: (null)
done.
Begin: Running /scripts/local-bottom ... done.
Begin: Running /scripts/init-bottom ... done.
[   15.346545] ip_tables: (C) 2000-2006 Netfilter Core Team
[   15.707230] systemd[1]: systemd 237 running in system mode. (+PAM +AUDIT +SELINUX +IMA +APPARMOR +SMACK +SYSVINIT +UTMP +LIBCRYPTSETUP +GCRYPT +GNUTLS +ACL +XZ +LZ4 +SECCOMP +BLKID +ELFUTILS +KMOD -IDN2 +IDN -PCRE2 default-hierarchy=hybrid)
[   15.789834] systemd[1]: Detected virtualization oracle.
[   15.794329] systemd[1]: Detected architecture x86-64.

Welcome to [1mUbuntu 18.04.4 LTS[0m!

[   15.930480] systemd[1]: Set hostname to <hnode2>.
[   22.399121] systemd[1]: Configuration file /lib/systemd/system/kubelet.service is marked world-inaccessible. This has no effect as configuration data is accessible via APIs without restrictions. Proceeding anyway.
[   22.544101] systemd[1]: Configuration file /etc/systemd/system/kubelet.service.d/10-kubeadm.conf is marked world-inaccessible. This has no effect as configuration data is accessible via APIs without restrictions. Proceeding anyway.
[   22.852202] systemd[1]: Set up automount Arbitrary Executable File Formats File System Automount Point.
[[0;32m  OK  [0m] Set up automount Arbitrary Executab…rmats File System Automount Point.
[   22.880568] systemd[1]: Created slice User and Session Slice.
[[0;32m  OK  [0m] Created slice User and Session Slice.
[   22.883506] systemd[1]: Created slice System Slice.
[[0;32m  OK  [0m] Created slice System Slice.
[   22.886897] systemd[1]: Listening on /dev/initctl Compatibility Named Pipe.
[[0;32m  OK  [0m] Listening on /dev/initctl Compatibility Named Pipe.
[   22.913231] systemd[1]: Reached target Slices.
[[0;32m  OK  [0m] Reached target Slices.
[   22.935936] systemd[1]: Listening on LVM2 metadata daemon socket.
[[0;32m  OK  [0m] Listening on LVM2 metadata daemon socket.
[   22.948378] systemd[1]: Listening on Journal Socket (/dev/log).
[[0;32m  OK  [0m] Listening on Journal Socket (/dev/log).
[   23.125233] systemd[1]: Listening on Journal Audit Socket.
[[0;32m  OK  [0m] Listening on Journal Audit Socket.
[[0;32m  OK  [0m] Listening on udev Control Socket.
[[0;32m  OK  [0m] Listening on Journal Socket.
         Starting Load Kernel Modules...
         Mounting Huge Pages File System...
         Starting Create list of required st…ce nodes for the current kernel...
         Mounting POSIX Message Queue File System...
         Starting Set the console keyboard layout...
         Starting Remount Root and Kernel File Systems...
[[0;32m  OK  [0m] Listening on Syslog Socket.
         Starting Journal Service...
[[0;32m  OK  [0m] Created slice system-serial\x2dgetty.slice.
[[0;32m  OK  [0m] Listening on LVM2 poll daemon socket.
[[0;32m  OK  [0m] Listening on Network Service Netlink Socket.
[[0;32m  OK  [0m] Listening on udev Kernel Socket.
         Starting udev Coldplug all Devices...
[[0;32m  OK  [0m] Reached target Swap.
         Mounting Kernel Debug File System...
         Starting Uncomplicated firewall...
[[0;32m  OK  [0m] Listening on Device-mapper event daemon FIFOs.
         Starting Monitoring of LVM2 mirrors…ng dmeventd or progress polling...
[[0;32m  OK  [0m] Started Forward Password Requests to Wall Directory Watch.
[[0;32m  OK  [0m] Reached target User and Group Name Lookups.
[   23.743438] Loading iSCSI transport class v2.0-870.
[[0;32m  OK  [0m] Reached target System Time Synchronized.
[[0;32m  OK  [0m] Started Journal Service.
[[0;32m  OK  [0m] Mounted Huge Pages File System.
[[0;32m  OK  [0m] Started Create list of required sta…vice nodes for the current kernel.
[[0;32m  OK  [0m] Mounted POSIX Message Queue File System.
[[0;32m  OK  [0m] Mounted Kernel Debug File System.
[[0;32m  OK  [0m] Started Uncomplicated firewall.
         Starting Create Static Device No[   23.895111] EXT4-fs (sda1): re-mounted. Opts: (null)
des in /dev...
[[0;32m  OK  [0m] Started udev Coldplug all Devices.
[[0;32m  OK  [0m] Started Remount Root and Kernel [   23.959234] iscsi: registered transport (tcp)
File Systems.
         Starting Load/Save Random Seed...
         Starting Flush Journal to Persistent Storage...
[[0;32m  OK  [0m] Started Set the console keyboard layout.
[[0;32m  OK  [0m] Started Load/Save Random Seed.
[[0;32m  OK  [0m] Started LVM2 metadata daemon.
[   24.316275] systemd-journald[402]: Received request to flush runtime journal from PID 1
[   24.489151] iscsi: registered transport (iser)
[[0;32m  OK  [0m] Started Load Kernel Modules.
         Starting Apply Kernel Variables...
         Mounting FUSE Control File System...
         Mounting Kernel Configuration File System...
[[0;32m  OK  [0m] Started Create Static Device Nodes in /dev.
[[0;32m  OK  [0m] Mounted FUSE Control File System.
[[0;32m  OK  [0m] Mounted Kernel Configuration File System.
         Starting udev Kernel Device Manager...
[[0;32m  OK  [0m] Started Monitoring of LVM2 mirrors,…sing dmeventd or progress polling.
[[0;32m  OK  [0m] Reached target Local File Systems (Pre).
[[0;32m  OK  [0m] Reached target Local File Systems.
         Starting Set console font and keymap...
         Starting ebtables ruleset management...
         Starting AppArmor initialization...
         Starting Tell Plymouth To Write Out Runtime Data...
[[0;32m  OK  [0m] Started udev Kernel Device Manager.
[[0;32m  OK  [0m] Started Apply Kernel Variables.
[[0;32m  OK  [0m] Started Dispatch Password Requests to Console Directory Watch.
[[0;32m  OK  [0m] Reached target Local Encrypted Volumes.
[[0;32m  OK  [0m] Started Set console font and keymap.
[[0;32m  OK  [0m] Started Tell Plymouth To Write Out Runtime Data.
[[0;32m  OK  [0m] Found device /dev/ttyS0.
[[0;32m  OK  [0m] Started ebtables ruleset management.
[[0;32m  OK  [0m] Listening on Load/Save RF Kill Switch Status /dev/rfkill Watch.
[[0;32m  OK  [0m] Started Flush Journal to Persistent Storage.
         Starting Create Volatile Files and Directories...
[[0;32m  OK  [0m] Started Create Volatile Files and Directories.
         Starting Update UTMP about System Boot/Shutdown...
[[0;32m  OK  [0m] Started Update UTMP about System Boot/Shutdown.
[[0;32m  OK  [0m] Started AppArmor initialization.
         Starting Initial cloud-init job (pre-networking)...
[   74.958032] cloud-init[576]: Cloud-init v. 19.4-33-gbb4131a2-0ubuntu1~18.04.1 running 'init-local' at Sun, 07 Jun 2020 14:27:18 +0000. Up 72.37 seconds.
[[0;32m  OK  [0m] Started Initial cloud-init job (pre-networking).
[[0;32m  OK  [0m] Reached target Network (Pre).
         Starting Network Service...
[[0;32m  OK  [0m] Started Network Service.
         Starting Wait for Network to be Configured...
         Starting Network Name Resolution...
[[0;32m  OK  [0m] Started Network Name Resolution.
[[0;32m  OK  [0m] Reached target Host and Network Name Lookups.
[[0;32m  OK  [0m] Reached target Network.
[[0;32m  OK  [0m] Started Wait for Network to be Configured.
         Starting Initial cloud-init job (metadata service crawler)...
[   79.529081] cloud-init[689]: Cloud-init v. 19.4-33-gbb4131a2-0ubuntu1~18.04.1 running 'init' at Sun, 07 Jun 2020 14:27:24 +0000. Up 78.93 seconds.
[   79.569425] cloud-init[689]: ci-info: ++++++++++++++++++++++++++++++++++++++Net device info+++++++++++++++++++++++++++++++++++++++
[   79.584833] cloud-init[689]: ci-info: +--------+------+-----------------------------+---------------+--------+-------------------+
[   79.625413] cloud-init[689]: ci-info: | Device |  Up  |           Address           |      Mask     | Scope  |     Hw-Address    |
[   79.629570] cloud-init[689]: ci-info: +--------+------+-----------------------------+---------------+--------+-------------------+
[   79.648317] cloud-init[689]: ci-info: | enp0s3 | True |          10.0.2.15          | 255.255.255.0 | global | 02:33:ec:f4:7d:44 |
[   79.657943] cloud-init[689]: ci-info: | enp0s3 | True |  fe80::33:ecff:fef4:7d44/64 |       .       |  link  | 02:33:ec:f4:7d:44 |
[   79.660907] cloud-init[689]: ci-info: | enp0s8 | True |        192.168.100.12       | 255.255.255.0 | global | 08:00:27:3e:4d:30 |
[   79.678590] cloud-init[689]: ci-info: | enp0s8 | True | fe80::a00:27ff:fe3e:4d30/64 |       .       |  link  | 08:00:27:3e:4d:30 |
[   79.691501] cloud-init[689]: ci-info: |   lo   | True |          127.0.0.1          |   255.0.0.0   |  host  |         .         |
[   79.694593] cloud-init[689]: ci-info: |   lo   | True |           ::1/128           |       .       |  host  |         .         |
[   79.709058] cloud-init[689]: ci-info: +--------+------+-----------------------------+---------------+--------+-------------------+
[   79.716752] cloud-init[689]: ci-info: +++++++++++++++++++++++++++++Route IPv4 info++++++++++++++++++++++++++++++
[   79.756651] cloud-init[689]: ci-info: +-------+---------------+----------+-----------------+-----------+-------+
[   79.788655] cloud-init[689]: ci-info: | Route |  Destination  | Gateway  |     Genmask     | Interface | Flags |
[   79.818855] cloud-init[689]: ci-info: +-------+---------------+----------+-----------------+-----------+-------+
[   79.843969] cloud-init[689]: ci-info: |   0   |    0.0.0.0    | 10.0.2.2 |     0.0.0.0     |   enp0s3  |   UG  |
[   79.846988] cloud-init[689]: ci-info: |   1   |    10.0.2.0   | 0.0.0.0  |  255.255.255.0  |   enp0s3  |   U   |
[   79.853449] cloud-init[689]: ci-info: |   2   |    10.0.2.2   | 0.0.0.0  | 255.255.255.255 |   enp0s3  |   UH  |
[   79.868335] cloud-init[689]: ci-info: |   3   | 192.168.100.0 | 0.0.0.0  |  255.255.255.0  |   enp0s8  |   U   |
[   79.888381] cloud-init[689]: ci-info: +-------+---------------+----------+-----------------+-----------+-------+
[   79.904321] cloud-init[689]: ci-info: +++++++++++++++++++Route IPv6 info+++++++++++++++++++
[   79.921282] cloud-init[689]: ci-info: +-------+-------------+---------+-----------+-------+
[   79.948518] cloud-init[689]: ci-info: | Route | Destination | Gateway | Interface | Flags |
[   79.957787] cloud-init[689]: ci-info: +-------+-------------+---------+-----------+-------+
[   79.972290] cloud-init[689]: ci-info: |   1   |  fe80::/64  |    ::   |   enp0s8  |   U   |
[   79.977499] cloud-init[689]: ci-info: |   2   |  fe80::/64  |    ::   |   enp0s3  |   U   |
[   79.991912] cloud-init[689]: ci-info: |   4   |    local    |    ::   |   enp0s3  |   U   |
[   79.997638] cloud-init[689]: ci-info: |   5   |    local    |    ::   |   enp0s8  |   U   |
[   80.028272] cloud-init[689]: ci-info: |   6   |   ff00::/8  |    ::   |   enp0s8  |   U   |
[   80.043662] cloud-init[689]: ci-info: |   7   |   ff00::/8  |    ::   |   enp0s3  |   U   |
[   80.076434] cloud-init[689]: ci-info: +-------+-------------+---------+-----------+-------+
[[0;32m  OK  [0m] Started Initial cloud-init job (metadata service crawler).
[[0;32m  OK  [0m] Reached target Cloud-config availability.
[[0;32m  OK  [0m] Reached target System Initialization.
[[0;32m  OK  [0m] Started Message of the Day.
[[0;32m  OK  [0m] Listening on D-Bus System Message Bus Socket.
         Starting Docker Socket for the API.
[[0;32m  OK  [0m] Started Daily Cleanup of Temporary Directories.
[[0;32m  OK  [0m] Listening on ACPID Listen Socket.
[[0;32m  OK  [0m] Started Daily apt download activities.
[[0;32m  OK  [0m] Started Daily apt upgrade and clean activities.
[[0;32m  OK  [0m] Started Discard unused blocks once a week.
[[0;32m  OK  [0m] Reached target Timers.
         Starting Socket activation for snappy daemon.
[[0;32m  OK  [0m] Started ACPI Events Check.
[[0;32m  OK  [0m] Reached target Paths.
[[0;32m  OK  [0m] Listening on Open-iSCSI iscsid Socket.
[[0;32m  OK  [0m] Listening on UUID daemon activation socket.
         Starting LXD - unix socket.
[[0;32m  OK  [0m] Reached target Network is Online.
         Starting Availability of block devices...
[[0;32m  OK  [0m] Reached target Remote File Systems (Pre).
[[0;32m  OK  [0m] Reached target Remote File Systems.
[[0;32m  OK  [0m] Listening on Docker Socket for the API.
[[0;32m  OK  [0m] Listening on Socket activation for snappy daemon.
[[0;32m  OK  [0m] Listening on LXD - unix socket.
[[0;32m  OK  [0m] Started Availability of block devices.
[[0;32m  OK  [0m] Reached target Sockets.
[[0;32m  OK  [0m] Reached target Basic System.
         Starting LSB: automatic crash report generation...
         Starting Dispatcher daemon for systemd-networkd...
         Starting LSB: Record successful boot for GRUB...
[[0;32m  OK  [0m] Started irqbalance daemon.
         Starting containerd container runtime...
         Starting Snappy daemon...
         Starting Login Service...
[[0;32m  OK  [0m] Started Deferred execution scheduler.
         Starting LXD - container startup/shutdown...
[[0;32m  OK  [0m] Started Regular background program processing daemon.
         Starting System Logging Service...
         Starting Permit User Sessions...
[[0;32m  OK  [0m] Started kubelet: The Kubernetes Node Agent.
         Starting OpenBSD Secure Shell server...
[[0;32m  OK  [0m] Started D-Bus System Message Bus.
[[0;32m  OK  [0m] Started Login Service.
[[0;32m  OK  [0m] Started Unattended Upgrades Shutdown.
         Starting Virtualbox guest utils...
         Starting Message of the Day...
[[0;32m  OK  [0m] Started FUSE filesystem for LXC.
         Starting Accounts Service...
[[0;32m  OK  [0m] Started System Logging Service.
[[0;32m  OK  [0m] Started containerd container runtime.
[[0;32m  OK  [0m] Started Permit User Sessions.
         Starting Hold until boot process finishes up...
         Starting Terminate Plymouth Boot Screen...
         Starting Docker Application Container Engine...
[[0;32m  OK  [0m] Started Hold until boot process finishes up.
[[0;32m  OK  [0m] Started Terminate Plymouth Boot Screen.
[[0;32m  OK  [0m] Started Serial Getty on ttyS0.
         Starting Set console scheme...
[[0;32m  OK  [0m] Started Set console scheme.
[[0;32m  OK  [0m] Created slice system-getty.slice.
[[0;32m  OK  [0m] Started Getty on tty1.
[[0;32m  OK  [0m] Reached target Login Prompts.
[[0;32m  OK  [0m] Started Dispatcher daemon for systemd-networkd.
[[0;32m  OK  [0m] Started LSB: automatic crash report generation.

Ubuntu 18.04.4 LTS hnode2 ttyS0

hnode2 login: [  149.272520] cloud-init[1466]: Cloud-init v. 19.4-33-gbb4131a2-0ubuntu1~18.04.1 running 'm[  182.209368] cloud-init[1812]: Cloud-init v. 19.4-33-gbb4131a2-0ubunt[  189.496270] cloud-init[1866]: Cloud-init v. 19.4-33-gbb4131a2-0ubuntu1~18.04.1 running 'modules:final' at Sun, 07 Jun 2020 14:29:14 +0000. Up 188.92 seconds.
[  189.496815] cloud-init[1866]: Cloud-init v. 19.4-33-gbb4131a2-0ubuntu1~18.04.1 finished at Sun, 07 Jun 2020 14:29:15 +0000. Datasource DataSourceNoCloud [seed=/dev/sdb][dsmode=net].  Up 189.48 seconds
